<?xml version="1.0" encoding="UTF-8"?>

<mule xmlns:sfdc="http://www.mulesoft.org/schema/mule/sfdc"
	xmlns:siebel="http://www.mulesoft.org/schema/mule/siebel" 
	xmlns:json="http://www.mulesoft.org/schema/mule/json" xmlns="http://www.mulesoft.org/schema/mule/core"
	xmlns:doc="http://www.mulesoft.org/schema/mule/documentation"
	xmlns:spring="http://www.springframework.org/schema/beans" version="EE-3.5.0"
	xmlns:xsi="http://www.w3.org/2001/XMLSchema-instance"
	xsi:schemaLocation="http://www.springframework.org/schema/beans http://www.springframework.org/schema/beans/spring-beans-current.xsd
http://www.mulesoft.org/schema/mule/core http://www.mulesoft.org/schema/mule/core/current/mule.xsd
http://www.mulesoft.org/schema/mule/sfdc http://www.mulesoft.org/schema/mule/sfdc/current/mule-sfdc.xsd
http://www.mulesoft.org/schema/mule/siebel http://www.mulesoft.org/schema/mule/siebel/current/mule-siebel.xsd
http://www.mulesoft.org/schema/mule/json http://www.mulesoft.org/schema/mule/json/current/mule-json.xsd">

	<sfdc:config name="TestSalesforce" username="${test.sfdc.username}"
		password="${test.sfdc.password}" securityToken="${test.sfdc.securityToken}"
		url="${test.sfdc.url}" doc:name="Salesforce"
		doc:description="One of your SalesForce instances, order does not matter.">
		<sfdc:connection-pooling-profile
			initialisationPolicy="INITIALISE_ONE" exhaustedAction="WHEN_EXHAUSTED_GROW" />
	</sfdc:config>

	<siebel:config name="TestSiebel" user="${sieb.user}"
		password="${sieb.password}" server="${sieb.server}" serverName="${sieb.serverName}"
		objectManager="${sieb.objectManager}" doc:name="Oracle Siebel Business Objects"
		doc:description="Destination Oracle Siebel Business Objects instance. This is the destination organization, where accounts will be migrated to."
		port="${sieb.port}">
		<siebel:connection-pooling-profile
			initialisationPolicy="INITIALISE_ONE" exhaustedAction="WHEN_EXHAUSTED_GROW" />
	</siebel:config>

	<sub-flow name="createContactInSalesforceFlow" doc:name="createContactInSalesforceFlow">
		<sfdc:create config-ref="TestSalesforce" type="Contact"
			doc:name="Salesforce">
			<sfdc:objects ref="#[payload]" />
		</sfdc:create>
		<logger message="createContactInSalesforceFlow response #[payload]"
			level="INFO" doc:name="Logger" />
	</sub-flow>
	<sub-flow name="createContactInSiebelFlow" doc:name="createContactInSiebelFlow">
		<siebel:create-business-component
			config-ref="TestSiebel" businessObjectComponentType="Contact.Contact"
			doc:name="Oracle Siebel Business Objects">
			<siebel:business-component-fields
				ref="#[payload]" />
		</siebel:create-business-component>
		<logger message="createContactInSiebelFlow response #[payload]"
			level="INFO" doc:name="Logger" />
	</sub-flow>
	<sub-flow name="queryContactFromSalesforceFlow" doc:name="queryContactFromSalesforceFlow">
		<sfdc:query-single config-ref="Salesforce"
			query="SELECT Id, FirstName, LastName, Email, Description FROM Contact WHERE (Email = '#[payload['Email Address']]'  )"
			doc:name="Salesforce" />
		<logger message="queryContactFromSalesforceFlow response #[payload]"
			level="INFO" doc:name="Logger" />
	</sub-flow>
	<sub-flow name="queryContactFromSiebelFlow" doc:name="queryContactFromSiebelFlow">
		<siebel:query-business-components
			config-ref="OracleSiebelBusinessObjects" businessObjectComponentType="Contact.Contact"
			doc:name="query Contacts from Siebel" searchExpression="[Email Address] = &quot;#[payload['Email']]&quot;">
			<siebel:fields-to-retrieve>
				<siebel:fields-to-retrieve>Id</siebel:fields-to-retrieve>
				<siebel:fields-to-retrieve>First Name</siebel:fields-to-retrieve>
				<siebel:fields-to-retrieve>Last Name</siebel:fields-to-retrieve>
				<siebel:fields-to-retrieve>Email Address</siebel:fields-to-retrieve>
				<siebel:fields-to-retrieve>Last Update - SDQ</siebel:fields-to-retrieve>
			</siebel:fields-to-retrieve>
		</siebel:query-business-components>
		<logger message="queryContactFromSiebelFlow response #[payload]"
			level="INFO" doc:name="Logger" />
	</sub-flow>
	<sub-flow name="queryContactsAccountNameFromSalesforceFlow"
		doc:name="queryContactsAccountNameFromSalesforceFlow">
		<sfdc:query-single config-ref="Salesforce"
			query="SELECT Account.Name FROM Contact WHERE (Email = '#[payload['Email']]'  )"
			doc:name="Salesforce" />
	</sub-flow>
	<sub-flow name="queryContactsAccountNameFromSiebelFlow"
		doc:name="queryContactsAccountNameFromSiebelFlow">
        <siebel:query-business-components
                config-ref="OracleSiebelBusinessObjects" businessObjectComponentType="Contact.Contact"
                doc:name="query Contacts from Siebel" searchExpression="[Email Address] = &quot;#[payload['Email']]&quot;">
            <siebel:fields-to-retrieve>
                <siebel:fields-to-retrieve>Id</siebel:fields-to-retrieve>
                <siebel:fields-to-retrieve>First Name</siebel:fields-to-retrieve>
                <siebel:fields-to-retrieve>Last Name</siebel:fields-to-retrieve>
                <siebel:fields-to-retrieve>Email Address</siebel:fields-to-retrieve>
                <siebel:fields-to-retrieve>Account</siebel:fields-to-retrieve>
            </siebel:fields-to-retrieve>
        </siebel:query-business-components>
	</sub-flow>
	<sub-flow name="deleteContactFromSalesforceFlow" doc:name="deleteContactFromSalesforceFlow">
		<sfdc:delete config-ref="Salesforce" doc:name="Salesforce">
			<sfdc:ids ref="#[payload]" />
		</sfdc:delete>
	</sub-flow>
	<sub-flow name="deleteContactFromSiebelFlow" doc:name="deleteContactFromSiebelFlow">
		<foreach doc:name="For Each">
			<siebel:delete-business-component
				config-ref="OracleSiebelBusinessObjects" businessComponentId="#[payload]"
				businessObjectComponentType="Contact.Contact" doc:name="Delete contact in Siebel" />
			<logger message="#[payload]" level="INFO" doc:name="Logger" />
		</foreach>
	</sub-flow>
	<sub-flow name="createAccountInSalesforceFlow" doc:name="createAccountInSalesforceFlow">
		<sfdc:create config-ref="TestSalesforce" type="Account"
			doc:name="Create account in Salesforce">
			<sfdc:objects ref="#[payload]" />
		</sfdc:create>
		<logger level="INFO"
			message="Create Accounts in Salesforce result: #[payload]" doc:name="Logger" />
	</sub-flow>
	<sub-flow name="createAccountInSiebelFlow" doc:name="createAccountInSiebelFlow">
		<siebel:create-business-component
			config-ref="TestSiebel" businessObjectComponentType="Account.Account"
			doc:name="Create account in Siebel">
			<siebel:business-component-fields
				ref="#[payload]" />
		</siebel:create-business-component>
		<logger level="INFO" message="Create Accounts in Siebel result: #[payload]"
			doc:name="Logger" />
	</sub-flow>
	<sub-flow name="queryAccountFromAFlow" doc:name="queryAccountFromAFlow">
		<sfdc:query-single config-ref="Salesforce"
			query="SELECT Name, Description FROM Account WHERE Name = '#[payload['Name']]'"
			doc:name="Salesforce" />
		<logger level="INFO" message="Retrieve Accounts result: #[payload]"
			doc:name="Logger" />
	</sub-flow>
	<sub-flow name="queryAccountFromBFlow" doc:name="queryAccountFromBFlow">
		<sfdc:query-single config-ref="OracleSiebelBusinessObjects"
			query="SELECT Name, Description FROM Account WHERE Name = '#[payload['Name']]'"
			doc:name="Salesforce" />
		<logger level="INFO" message="Retrieve Accounts result: #[payload]"
			doc:name="Logger" />
	</sub-flow>
	<sub-flow name="deleteAccountFromAFlow" doc:name="deleteAccountFromAFlow">
		<sfdc:delete config-ref="Salesforce" doc:name="Salesforce">
			<sfdc:ids ref="#[payload]" />
		</sfdc:delete>
		<logger level="INFO"
			message="Remove Accounts from Salesforce result: #[payload]"
			doc:name="Logger" />
	</sub-flow>
	<sub-flow name="deleteAccountFromBFlow" doc:name="deleteAccountFromBFlow">
		<sfdc:delete config-ref="OracleSiebelBusinessObjects"
			doc:name="Salesforce">
			<sfdc:ids ref="#[payload]" />
		</sfdc:delete>
		<logger level="INFO" message="Remove Accounts from Siebel result: #[payload]"
			doc:name="Logger" />
	</sub-flow>

</mule>